<?xml version="1.0" encoding="UTF-8"?>
<!-- Generated by org.testng.reporters.JUnitReportReporter -->
<testsuite skipped="0" hostname="DESKTOP-E7GE047" name="com.demo.firstdemo.Demo" tests="1" failures="0" timestamp="2022-03-07T19:03:08 IST" time="0.020" errors="0">
  <testcase name="demo" time="0.020" classname="com.demo.firstdemo.Demo"/>
  <system-out/>
</testsuite> <!-- com.demo.firstdemo.Demo -->
