<?xml version="1.0" encoding="UTF-8"?>
<!-- Generated by org.testng.reporters.JUnitReportReporter -->
<testsuite skipped="0" hostname="DESKTOP-E7GE047" name="com.demo.firstdemo.Demo" tests="1" failures="0" timestamp="2022-03-08T12:27:33 IST" time="0.007" errors="0">
  <testcase name="demo" time="0.007" classname="com.demo.firstdemo.Demo"/>
  <system-out/>
</testsuite> <!-- com.demo.firstdemo.Demo -->
